ago. 03, 2025 6:26:56 PM liquibase.changelog
INFORMAÇÕES: Reading resource: db/changelog/migrations/db.changelog-202408191938.sql
ago. 03, 2025 6:26:56 PM liquibase.changelog
INFORMAÇÕES: Reading resource: db/changelog/migrations/db.changelog-202408210954.sql
ago. 03, 2025 6:26:56 PM liquibase.changelog
INFORMAÇÕES: Reading resource: db/changelog/migrations/db.changelog-202408211004.sql
ago. 03, 2025 6:26:56 PM liquibase.changelog
INFORMAÇÕES: Reading resource: db/changelog/migrations/db.changelog-202408211005.sql
ago. 03, 2025 6:26:56 PM liquibase.changelog
INFORMAÇÕES: Reading resource: db/changelog/migrations/db.changelog-202408281807.sql
ago. 03, 2025 6:26:56 PM liquibase.changelog
INFORMAÇÕES: Reading resource: db/changelog/migrations/db.changelog-202508031602.sql
ago. 03, 2025 6:26:56 PM liquibase.changelog
INFORMAÇÕES: Reading from mydatabase.DATABASECHANGELOG
Database is up to date, no changesets to execute
ago. 03, 2025 6:26:56 PM liquibase.changelog
INFORMAÇÕES: Reading from mydatabase.DATABASECHANGELOG

UPDATE SUMMARY
Run:                          0
Previously run:               6
Filtered out:                 0
-------------------------------
Total change sets:            6

ago. 03, 2025 6:26:56 PM liquibase.util
INFORMAÇÕES: UPDATE SUMMARY
ago. 03, 2025 6:26:56 PM liquibase.util
INFORMAÇÕES: Run:                          0
ago. 03, 2025 6:26:56 PM liquibase.util
INFORMAÇÕES: Previously run:               6
ago. 03, 2025 6:26:56 PM liquibase.util
INFORMAÇÕES: Filtered out:                 0
ago. 03, 2025 6:26:56 PM liquibase.util
INFORMAÇÕES: -------------------------------
ago. 03, 2025 6:26:56 PM liquibase.util
INFORMAÇÕES: Total change sets:            6
ago. 03, 2025 6:26:56 PM liquibase.util
INFORMAÇÕES: Update summary generated
ago. 03, 2025 6:26:57 PM liquibase.lockservice
INFORMAÇÕES: Successfully released change log lock
ago. 03, 2025 6:26:57 PM liquibase.command
INFORMAÇÕES: Command execution complete
